
Collecting usage statistics. To deactivate, set browser.gatherUsageStats to false.


  You can now view your Streamlit app in your browser.

  URL: http://0.0.0.0:10149/reminai/hackathon_app

2025-04-05 13:59:51.682 Examining the path of torch.classes raised: Tried to instantiate class '__path__._path', but it does not exist! Ensure that it is registered via torch::class_
2025-04-05 14:03:54.590 Examining the path of torch.classes raised: Tried to instantiate class '__path__._path', but it does not exist! Ensure that it is registered via torch::class_
2025-04-05 14:05:28.053 Examining the path of torch.classes raised: Tried to instantiate class '__path__._path', but it does not exist! Ensure that it is registered via torch::class_
2025-04-05 14:17:19.570 Examining the path of torch.classes raised: Tried to instantiate class '__path__._path', but it does not exist! Ensure that it is registered via torch::class_
2025-04-05 14:22:24.642 Examining the path of torch.classes raised: Tried to instantiate class '__path__._path', but it does not exist! Ensure that it is registered via torch::class_
2025-04-05 14:35:26.516 Examining the path of torch.classes raised: Tried to instantiate class '__path__._path', but it does not exist! Ensure that it is registered via torch::class_
2025-04-05 14:48:15.668 Examining the path of torch.classes raised: Tried to instantiate class '__path__._path', but it does not exist! Ensure that it is registered via torch::class_
2025-04-05 14:51:08.600 Examining the path of torch.classes raised: Tried to instantiate class '__path__._path', but it does not exist! Ensure that it is registered via torch::class_
2025-04-05 14:51:09.080 Examining the path of torch.classes raised: Tried to instantiate class '__path__._path', but it does not exist! Ensure that it is registered via torch::class_
2025-04-05 14:52:09.034 Examining the path of torch.classes raised: Tried to instantiate class '__path__._path', but it does not exist! Ensure that it is registered via torch::class_
2025-04-05 14:52:10.260 Examining the path of torch.classes raised: Tried to instantiate class '__path__._path', but it does not exist! Ensure that it is registered via torch::class_
2025-04-05 14:52:11.478 Examining the path of torch.classes raised: Tried to instantiate class '__path__._path', but it does not exist! Ensure that it is registered via torch::class_
2025-04-05 14:53:52.361 Examining the path of torch.classes raised: Tried to instantiate class '__path__._path', but it does not exist! Ensure that it is registered via torch::class_
2025-04-05 14:53:52.840 Examining the path of torch.classes raised: Tried to instantiate class '__path__._path', but it does not exist! Ensure that it is registered via torch::class_
2025-04-05 14:53:53.856 Examining the path of torch.classes raised: Tried to instantiate class '__path__._path', but it does not exist! Ensure that it is registered via torch::class_
2025-04-05 14:59:49.193 Examining the path of torch.classes raised: Tried to instantiate class '__path__._path', but it does not exist! Ensure that it is registered via torch::class_
2025-04-05 14:59:49.725 Examining the path of torch.classes raised: Tried to instantiate class '__path__._path', but it does not exist! Ensure that it is registered via torch::class_
2025-04-05 14:59:50.202 Examining the path of torch.classes raised: Tried to instantiate class '__path__._path', but it does not exist! Ensure that it is registered via torch::class_
2025-04-05 15:17:03.505 Examining the path of torch.classes raised: Tried to instantiate class '__path__._path', but it does not exist! Ensure that it is registered via torch::class_
2025-04-05 15:34:05.085 Examining the path of torch.classes raised: Tried to instantiate class '__path__._path', but it does not exist! Ensure that it is registered via torch::class_
2025-04-08 10:11:15.577 Examining the path of torch.classes raised: Tried to instantiate class '__path__._path', but it does not exist! Ensure that it is registered via torch::class_
2025-04-08 10:13:21.588 Examining the path of torch.classes raised: Tried to instantiate class '__path__._path', but it does not exist! Ensure that it is registered via torch::class_
2025-04-08 10:20:02.790 Examining the path of torch.classes raised: Tried to instantiate class '__path__._path', but it does not exist! Ensure that it is registered via torch::class_
2025-04-08 10:38:57.807 Examining the path of torch.classes raised: Tried to instantiate class '__path__._path', but it does not exist! Ensure that it is registered via torch::class_
2025-04-08 10:41:29.927 Session with id bbc0de40-620c-4ed7-ab6c-bb86c3678078 is already connected! Connecting to a new session.
2025-04-08 11:01:35.488 Examining the path of torch.classes raised: Tried to instantiate class '__path__._path', but it does not exist! Ensure that it is registered via torch::class_
2025-04-08 11:31:46.153 Examining the path of torch.classes raised: Tried to instantiate class '__path__._path', but it does not exist! Ensure that it is registered via torch::class_
