Requirement already satisfied: fastapi in /root/ForgeAI_RAG/APP_ENV/hackathon_app/lib/python3.10/site-packages (from -r requirements.txt (line 1)) (0.111.0)
Requirement already satisfied: uvicorn in /root/ForgeAI_RAG/APP_ENV/hackathon_app/lib/python3.10/site-packages (from -r requirements.txt (line 2)) (0.30.1)
Requirement already satisfied: streamlit in /root/ForgeAI_RAG/APP_ENV/hackathon_app/lib/python3.10/site-packages (from -r requirements.txt (line 3)) (1.36.0)
Requirement already satisfied: python-dotenv in /root/ForgeAI_RAG/APP_ENV/hackathon_app/lib/python3.10/site-packages (from -r requirements.txt (line 4)) (1.0.1)
Requirement already satisfied: requests in /root/ForgeAI_RAG/APP_ENV/hackathon_app/lib/python3.10/site-packages (from -r requirements.txt (line 5)) (2.32.3)
Requirement already satisfied: httpx in /root/ForgeAI_RAG/APP_ENV/hackathon_app/lib/python3.10/site-packages (from -r requirements.txt (line 6)) (0.28.1)
Requirement already satisfied: pydantic in /root/ForgeAI_RAG/APP_ENV/hackathon_app/lib/python3.10/site-packages (from -r requirements.txt (line 7)) (2.11.2)
Collecting fitz (from -r requirements.txt (line 8))
  Downloading fitz-0.0.1.dev2-py2.py3-none-any.whl.metadata (816 bytes)
Collecting tools (from -r requirements.txt (line 9))
  Downloading tools-0.1.9.tar.gz (34 kB)
  Installing build dependencies: started
  Installing build dependencies: finished with status 'done'
  Getting requirements to build wheel: started
  Getting requirements to build wheel: finished with status 'done'
  Preparing metadata (pyproject.toml): started
  Preparing metadata (pyproject.toml): finished with status 'done'
Collecting faiss-cpu (from -r requirements.txt (line 10))
  Downloading faiss_cpu-1.10.0-cp310-cp310-manylinux_2_28_x86_64.whl.metadata (4.4 kB)
Collecting sentence_transformers (from -r requirements.txt (line 11))
  Downloading sentence_transformers-4.0.2-py3-none-any.whl.metadata (13 kB)
Collecting plotly (from -r requirements.txt (line 12))
  Downloading plotly-6.0.1-py3-none-any.whl.metadata (6.7 kB)
Requirement already satisfied: starlette<0.38.0,>=0.37.2 in /root/ForgeAI_RAG/APP_ENV/hackathon_app/lib/python3.10/site-packages (from fastapi->-r requirements.txt (line 1)) (0.37.2)
Requirement already satisfied: typing-extensions>=4.8.0 in /root/ForgeAI_RAG/APP_ENV/hackathon_app/lib/python3.10/site-packages (from fastapi->-r requirements.txt (line 1)) (4.13.1)
Requirement already satisfied: fastapi-cli>=0.0.2 in /root/ForgeAI_RAG/APP_ENV/hackathon_app/lib/python3.10/site-packages (from fastapi->-r requirements.txt (line 1)) (0.0.7)
Requirement already satisfied: jinja2>=2.11.2 in /root/ForgeAI_RAG/APP_ENV/hackathon_app/lib/python3.10/site-packages (from fastapi->-r requirements.txt (line 1)) (3.1.6)
Requirement already satisfied: python-multipart>=0.0.7 in /root/ForgeAI_RAG/APP_ENV/hackathon_app/lib/python3.10/site-packages (from fastapi->-r requirements.txt (line 1)) (0.0.20)
Requirement already satisfied: ujson!=4.0.2,!=4.1.0,!=4.2.0,!=4.3.0,!=5.0.0,!=5.1.0,>=4.0.1 in /root/ForgeAI_RAG/APP_ENV/hackathon_app/lib/python3.10/site-packages (from fastapi->-r requirements.txt (line 1)) (5.10.0)
Requirement already satisfied: orjson>=3.2.1 in /root/ForgeAI_RAG/APP_ENV/hackathon_app/lib/python3.10/site-packages (from fastapi->-r requirements.txt (line 1)) (3.10.16)
Requirement already satisfied: email_validator>=2.0.0 in /root/ForgeAI_RAG/APP_ENV/hackathon_app/lib/python3.10/site-packages (from fastapi->-r requirements.txt (line 1)) (2.2.0)
Requirement already satisfied: click>=7.0 in /root/ForgeAI_RAG/APP_ENV/hackathon_app/lib/python3.10/site-packages (from uvicorn->-r requirements.txt (line 2)) (8.1.8)
Requirement already satisfied: h11>=0.8 in /root/ForgeAI_RAG/APP_ENV/hackathon_app/lib/python3.10/site-packages (from uvicorn->-r requirements.txt (line 2)) (0.14.0)
Requirement already satisfied: altair<6,>=4.0 in /root/ForgeAI_RAG/APP_ENV/hackathon_app/lib/python3.10/site-packages (from streamlit->-r requirements.txt (line 3)) (5.5.0)
Requirement already satisfied: blinker<2,>=1.0.0 in /root/ForgeAI_RAG/APP_ENV/hackathon_app/lib/python3.10/site-packages (from streamlit->-r requirements.txt (line 3)) (1.9.0)
Requirement already satisfied: cachetools<6,>=4.0 in /root/ForgeAI_RAG/APP_ENV/hackathon_app/lib/python3.10/site-packages (from streamlit->-r requirements.txt (line 3)) (5.5.2)
Requirement already satisfied: numpy<3,>=1.20 in /root/ForgeAI_RAG/APP_ENV/hackathon_app/lib/python3.10/site-packages (from streamlit->-r requirements.txt (line 3)) (2.2.4)
Requirement already satisfied: packaging<25,>=20 in /root/ForgeAI_RAG/APP_ENV/hackathon_app/lib/python3.10/site-packages (from streamlit->-r requirements.txt (line 3)) (24.2)
Requirement already satisfied: pandas<3,>=1.3.0 in /root/ForgeAI_RAG/APP_ENV/hackathon_app/lib/python3.10/site-packages (from streamlit->-r requirements.txt (line 3)) (2.2.3)
Requirement already satisfied: pillow<11,>=7.1.0 in /root/ForgeAI_RAG/APP_ENV/hackathon_app/lib/python3.10/site-packages (from streamlit->-r requirements.txt (line 3)) (10.4.0)
Requirement already satisfied: protobuf<6,>=3.20 in /root/ForgeAI_RAG/APP_ENV/hackathon_app/lib/python3.10/site-packages (from streamlit->-r requirements.txt (line 3)) (5.29.4)
Requirement already satisfied: pyarrow>=7.0 in /root/ForgeAI_RAG/APP_ENV/hackathon_app/lib/python3.10/site-packages (from streamlit->-r requirements.txt (line 3)) (19.0.1)
Requirement already satisfied: rich<14,>=10.14.0 in /root/ForgeAI_RAG/APP_ENV/hackathon_app/lib/python3.10/site-packages (from streamlit->-r requirements.txt (line 3)) (13.9.4)
Requirement already satisfied: tenacity<9,>=8.1.0 in /root/ForgeAI_RAG/APP_ENV/hackathon_app/lib/python3.10/site-packages (from streamlit->-r requirements.txt (line 3)) (8.5.0)
Requirement already satisfied: toml<2,>=0.10.1 in /root/ForgeAI_RAG/APP_ENV/hackathon_app/lib/python3.10/site-packages (from streamlit->-r requirements.txt (line 3)) (0.10.2)
Requirement already satisfied: gitpython!=3.1.19,<4,>=3.0.7 in /root/ForgeAI_RAG/APP_ENV/hackathon_app/lib/python3.10/site-packages (from streamlit->-r requirements.txt (line 3)) (3.1.44)
Requirement already satisfied: pydeck<1,>=0.8.0b4 in /root/ForgeAI_RAG/APP_ENV/hackathon_app/lib/python3.10/site-packages (from streamlit->-r requirements.txt (line 3)) (0.9.1)
Requirement already satisfied: tornado<7,>=6.0.3 in /root/ForgeAI_RAG/APP_ENV/hackathon_app/lib/python3.10/site-packages (from streamlit->-r requirements.txt (line 3)) (6.4.2)
Requirement already satisfied: watchdog<5,>=2.1.5 in /root/ForgeAI_RAG/APP_ENV/hackathon_app/lib/python3.10/site-packages (from streamlit->-r requirements.txt (line 3)) (4.0.2)
Requirement already satisfied: charset-normalizer<4,>=2 in /root/ForgeAI_RAG/APP_ENV/hackathon_app/lib/python3.10/site-packages (from requests->-r requirements.txt (line 5)) (3.4.1)
Requirement already satisfied: idna<4,>=2.5 in /root/ForgeAI_RAG/APP_ENV/hackathon_app/lib/python3.10/site-packages (from requests->-r requirements.txt (line 5)) (3.10)
Requirement already satisfied: urllib3<3,>=1.21.1 in /root/ForgeAI_RAG/APP_ENV/hackathon_app/lib/python3.10/site-packages (from requests->-r requirements.txt (line 5)) (2.3.0)
Requirement already satisfied: certifi>=2017.4.17 in /root/ForgeAI_RAG/APP_ENV/hackathon_app/lib/python3.10/site-packages (from requests->-r requirements.txt (line 5)) (2025.1.31)
Requirement already satisfied: anyio in /root/ForgeAI_RAG/APP_ENV/hackathon_app/lib/python3.10/site-packages (from httpx->-r requirements.txt (line 6)) (4.9.0)
Requirement already satisfied: httpcore==1.* in /root/ForgeAI_RAG/APP_ENV/hackathon_app/lib/python3.10/site-packages (from httpx->-r requirements.txt (line 6)) (1.0.7)
Requirement already satisfied: annotated-types>=0.6.0 in /root/ForgeAI_RAG/APP_ENV/hackathon_app/lib/python3.10/site-packages (from pydantic->-r requirements.txt (line 7)) (0.7.0)
Requirement already satisfied: pydantic-core==2.33.1 in /root/ForgeAI_RAG/APP_ENV/hackathon_app/lib/python3.10/site-packages (from pydantic->-r requirements.txt (line 7)) (2.33.1)
Requirement already satisfied: typing-inspection>=0.4.0 in /root/ForgeAI_RAG/APP_ENV/hackathon_app/lib/python3.10/site-packages (from pydantic->-r requirements.txt (line 7)) (0.4.0)
Collecting configobj (from fitz->-r requirements.txt (line 8))
  Downloading configobj-5.0.9-py2.py3-none-any.whl.metadata (3.2 kB)
Collecting configparser (from fitz->-r requirements.txt (line 8))
  Downloading configparser-7.2.0-py3-none-any.whl.metadata (5.5 kB)
Collecting httplib2 (from fitz->-r requirements.txt (line 8))
  Using cached httplib2-0.22.0-py3-none-any.whl.metadata (2.6 kB)
Collecting nibabel (from fitz->-r requirements.txt (line 8))
  Downloading nibabel-5.3.2-py3-none-any.whl.metadata (9.1 kB)
Collecting nipype (from fitz->-r requirements.txt (line 8))
  Downloading nipype-1.10.0-py3-none-any.whl.metadata (7.1 kB)
Collecting pyxnat (from fitz->-r requirements.txt (line 8))
  Downloading pyxnat-1.6.3-py3-none-any.whl.metadata (5.4 kB)
Collecting scipy (from fitz->-r requirements.txt (line 8))
  Using cached scipy-1.15.2-cp310-cp310-manylinux_2_17_x86_64.manylinux2014_x86_64.whl.metadata (61 kB)
Collecting pytils (from tools->-r requirements.txt (line 9))
  Downloading pytils-0.4.3.tar.gz (101 kB)
  Installing build dependencies: started
  Installing build dependencies: finished with status 'done'
  Getting requirements to build wheel: started
  Getting requirements to build wheel: finished with status 'done'
  Preparing metadata (pyproject.toml): started
  Preparing metadata (pyproject.toml): finished with status 'done'
Requirement already satisfied: six in /root/ForgeAI_RAG/APP_ENV/hackathon_app/lib/python3.10/site-packages (from tools->-r requirements.txt (line 9)) (1.17.0)
Collecting lxml (from tools->-r requirements.txt (line 9))
  Using cached lxml-5.3.1-cp310-cp310-manylinux_2_28_x86_64.whl.metadata (3.7 kB)
Collecting transformers<5.0.0,>=4.41.0 (from sentence_transformers->-r requirements.txt (line 11))
  Using cached transformers-4.50.3-py3-none-any.whl.metadata (39 kB)
Collecting tqdm (from sentence_transformers->-r requirements.txt (line 11))
  Downloading tqdm-4.67.1-py3-none-any.whl.metadata (57 kB)
Collecting torch>=1.11.0 (from sentence_transformers->-r requirements.txt (line 11))
  Using cached torch-2.6.0-cp310-cp310-manylinux1_x86_64.whl.metadata (28 kB)
Collecting scikit-learn (from sentence_transformers->-r requirements.txt (line 11))
  Using cached scikit_learn-1.6.1-cp310-cp310-manylinux_2_17_x86_64.manylinux2014_x86_64.whl.metadata (18 kB)
Collecting huggingface-hub>=0.20.0 (from sentence_transformers->-r requirements.txt (line 11))
  Downloading huggingface_hub-0.30.1-py3-none-any.whl.metadata (13 kB)
Requirement already satisfied: narwhals>=1.15.1 in /root/ForgeAI_RAG/APP_ENV/hackathon_app/lib/python3.10/site-packages (from plotly->-r requirements.txt (line 12)) (1.33.0)
Requirement already satisfied: jsonschema>=3.0 in /root/ForgeAI_RAG/APP_ENV/hackathon_app/lib/python3.10/site-packages (from altair<6,>=4.0->streamlit->-r requirements.txt (line 3)) (4.23.0)
Requirement already satisfied: dnspython>=2.0.0 in /root/ForgeAI_RAG/APP_ENV/hackathon_app/lib/python3.10/site-packages (from email_validator>=2.0.0->fastapi->-r requirements.txt (line 1)) (2.7.0)
Requirement already satisfied: typer>=0.12.3 in /root/ForgeAI_RAG/APP_ENV/hackathon_app/lib/python3.10/site-packages (from fastapi-cli>=0.0.2->fastapi->-r requirements.txt (line 1)) (0.15.2)
Requirement already satisfied: rich-toolkit>=0.11.1 in /root/ForgeAI_RAG/APP_ENV/hackathon_app/lib/python3.10/site-packages (from fastapi-cli>=0.0.2->fastapi->-r requirements.txt (line 1)) (0.14.1)
Requirement already satisfied: gitdb<5,>=4.0.1 in /root/ForgeAI_RAG/APP_ENV/hackathon_app/lib/python3.10/site-packages (from gitpython!=3.1.19,<4,>=3.0.7->streamlit->-r requirements.txt (line 3)) (4.0.12)
Collecting filelock (from huggingface-hub>=0.20.0->sentence_transformers->-r requirements.txt (line 11))
  Downloading filelock-3.18.0-py3-none-any.whl.metadata (2.9 kB)
Collecting fsspec>=2023.5.0 (from huggingface-hub>=0.20.0->sentence_transformers->-r requirements.txt (line 11))
  Downloading fsspec-2025.3.2-py3-none-any.whl.metadata (11 kB)
Requirement already satisfied: pyyaml>=5.1 in /root/ForgeAI_RAG/APP_ENV/hackathon_app/lib/python3.10/site-packages (from huggingface-hub>=0.20.0->sentence_transformers->-r requirements.txt (line 11)) (6.0.2)
Requirement already satisfied: MarkupSafe>=2.0 in /root/ForgeAI_RAG/APP_ENV/hackathon_app/lib/python3.10/site-packages (from jinja2>=2.11.2->fastapi->-r requirements.txt (line 1)) (3.0.2)
Requirement already satisfied: python-dateutil>=2.8.2 in /root/ForgeAI_RAG/APP_ENV/hackathon_app/lib/python3.10/site-packages (from pandas<3,>=1.3.0->streamlit->-r requirements.txt (line 3)) (2.9.0.post0)
Requirement already satisfied: pytz>=2020.1 in /root/ForgeAI_RAG/APP_ENV/hackathon_app/lib/python3.10/site-packages (from pandas<3,>=1.3.0->streamlit->-r requirements.txt (line 3)) (2025.2)
Requirement already satisfied: tzdata>=2022.7 in /root/ForgeAI_RAG/APP_ENV/hackathon_app/lib/python3.10/site-packages (from pandas<3,>=1.3.0->streamlit->-r requirements.txt (line 3)) (2025.2)
Requirement already satisfied: markdown-it-py>=2.2.0 in /root/ForgeAI_RAG/APP_ENV/hackathon_app/lib/python3.10/site-packages (from rich<14,>=10.14.0->streamlit->-r requirements.txt (line 3)) (3.0.0)
Requirement already satisfied: pygments<3.0.0,>=2.13.0 in /root/ForgeAI_RAG/APP_ENV/hackathon_app/lib/python3.10/site-packages (from rich<14,>=10.14.0->streamlit->-r requirements.txt (line 3)) (2.19.1)
Requirement already satisfied: exceptiongroup>=1.0.2 in /root/ForgeAI_RAG/APP_ENV/hackathon_app/lib/python3.10/site-packages (from anyio->httpx->-r requirements.txt (line 6)) (1.2.2)
Requirement already satisfied: sniffio>=1.1 in /root/ForgeAI_RAG/APP_ENV/hackathon_app/lib/python3.10/site-packages (from anyio->httpx->-r requirements.txt (line 6)) (1.3.1)
Collecting networkx (from torch>=1.11.0->sentence_transformers->-r requirements.txt (line 11))
  Using cached networkx-3.4.2-py3-none-any.whl.metadata (6.3 kB)
Collecting nvidia-cuda-nvrtc-cu12==12.4.127 (from torch>=1.11.0->sentence_transformers->-r requirements.txt (line 11))
  Using cached nvidia_cuda_nvrtc_cu12-12.4.127-py3-none-manylinux2014_x86_64.whl.metadata (1.5 kB)
Collecting nvidia-cuda-runtime-cu12==12.4.127 (from torch>=1.11.0->sentence_transformers->-r requirements.txt (line 11))
  Using cached nvidia_cuda_runtime_cu12-12.4.127-py3-none-manylinux2014_x86_64.whl.metadata (1.5 kB)
Collecting nvidia-cuda-cupti-cu12==12.4.127 (from torch>=1.11.0->sentence_transformers->-r requirements.txt (line 11))
  Using cached nvidia_cuda_cupti_cu12-12.4.127-py3-none-manylinux2014_x86_64.whl.metadata (1.6 kB)
Collecting nvidia-cudnn-cu12==9.1.0.70 (from torch>=1.11.0->sentence_transformers->-r requirements.txt (line 11))
  Using cached nvidia_cudnn_cu12-9.1.0.70-py3-none-manylinux2014_x86_64.whl.metadata (1.6 kB)
Collecting nvidia-cublas-cu12==12.4.5.8 (from torch>=1.11.0->sentence_transformers->-r requirements.txt (line 11))
  Using cached nvidia_cublas_cu12-12.4.5.8-py3-none-manylinux2014_x86_64.whl.metadata (1.5 kB)
Collecting nvidia-cufft-cu12==11.2.1.3 (from torch>=1.11.0->sentence_transformers->-r requirements.txt (line 11))
  Using cached nvidia_cufft_cu12-11.2.1.3-py3-none-manylinux2014_x86_64.whl.metadata (1.5 kB)
Collecting nvidia-curand-cu12==10.3.5.147 (from torch>=1.11.0->sentence_transformers->-r requirements.txt (line 11))
  Using cached nvidia_curand_cu12-10.3.5.147-py3-none-manylinux2014_x86_64.whl.metadata (1.5 kB)
Collecting nvidia-cusolver-cu12==11.6.1.9 (from torch>=1.11.0->sentence_transformers->-r requirements.txt (line 11))
  Using cached nvidia_cusolver_cu12-11.6.1.9-py3-none-manylinux2014_x86_64.whl.metadata (1.6 kB)
Collecting nvidia-cusparse-cu12==12.3.1.170 (from torch>=1.11.0->sentence_transformers->-r requirements.txt (line 11))
  Using cached nvidia_cusparse_cu12-12.3.1.170-py3-none-manylinux2014_x86_64.whl.metadata (1.6 kB)
Collecting nvidia-cusparselt-cu12==0.6.2 (from torch>=1.11.0->sentence_transformers->-r requirements.txt (line 11))
  Using cached nvidia_cusparselt_cu12-0.6.2-py3-none-manylinux2014_x86_64.whl.metadata (6.8 kB)
Collecting nvidia-nccl-cu12==2.21.5 (from torch>=1.11.0->sentence_transformers->-r requirements.txt (line 11))
  Using cached nvidia_nccl_cu12-2.21.5-py3-none-manylinux2014_x86_64.whl.metadata (1.8 kB)
Collecting nvidia-nvtx-cu12==12.4.127 (from torch>=1.11.0->sentence_transformers->-r requirements.txt (line 11))
  Using cached nvidia_nvtx_cu12-12.4.127-py3-none-manylinux2014_x86_64.whl.metadata (1.7 kB)
Collecting nvidia-nvjitlink-cu12==12.4.127 (from torch>=1.11.0->sentence_transformers->-r requirements.txt (line 11))
  Using cached nvidia_nvjitlink_cu12-12.4.127-py3-none-manylinux2014_x86_64.whl.metadata (1.5 kB)
Collecting triton==3.2.0 (from torch>=1.11.0->sentence_transformers->-r requirements.txt (line 11))
  Using cached triton-3.2.0-cp310-cp310-manylinux_2_17_x86_64.manylinux2014_x86_64.whl.metadata (1.4 kB)
Collecting sympy==1.13.1 (from torch>=1.11.0->sentence_transformers->-r requirements.txt (line 11))
  Downloading sympy-1.13.1-py3-none-any.whl.metadata (12 kB)
Collecting mpmath<1.4,>=1.1.0 (from sympy==1.13.1->torch>=1.11.0->sentence_transformers->-r requirements.txt (line 11))
  Using cached mpmath-1.3.0-py3-none-any.whl.metadata (8.6 kB)
Collecting regex!=2019.12.17 (from transformers<5.0.0,>=4.41.0->sentence_transformers->-r requirements.txt (line 11))
  Using cached regex-2024.11.6-cp310-cp310-manylinux_2_17_x86_64.manylinux2014_x86_64.whl.metadata (40 kB)
Collecting tokenizers<0.22,>=0.21 (from transformers<5.0.0,>=4.41.0->sentence_transformers->-r requirements.txt (line 11))
  Downloading tokenizers-0.21.1-cp39-abi3-manylinux_2_17_x86_64.manylinux2014_x86_64.whl.metadata (6.8 kB)
Collecting safetensors>=0.4.3 (from transformers<5.0.0,>=4.41.0->sentence_transformers->-r requirements.txt (line 11))
  Using cached safetensors-0.5.3-cp38-abi3-manylinux_2_17_x86_64.manylinux2014_x86_64.whl.metadata (3.8 kB)
Requirement already satisfied: httptools>=0.5.0 in /root/ForgeAI_RAG/APP_ENV/hackathon_app/lib/python3.10/site-packages (from uvicorn[standard]>=0.12.0->fastapi->-r requirements.txt (line 1)) (0.6.4)
Requirement already satisfied: uvloop!=0.15.0,!=0.15.1,>=0.14.0 in /root/ForgeAI_RAG/APP_ENV/hackathon_app/lib/python3.10/site-packages (from uvicorn[standard]>=0.12.0->fastapi->-r requirements.txt (line 1)) (0.21.0)
Requirement already satisfied: watchfiles>=0.13 in /root/ForgeAI_RAG/APP_ENV/hackathon_app/lib/python3.10/site-packages (from uvicorn[standard]>=0.12.0->fastapi->-r requirements.txt (line 1)) (1.0.4)
Requirement already satisfied: websockets>=10.4 in /root/ForgeAI_RAG/APP_ENV/hackathon_app/lib/python3.10/site-packages (from uvicorn[standard]>=0.12.0->fastapi->-r requirements.txt (line 1)) (15.0.1)
Collecting pyparsing!=3.0.0,!=3.0.1,!=3.0.2,!=3.0.3,<4,>=2.4.2 (from httplib2->fitz->-r requirements.txt (line 8))
  Using cached pyparsing-3.2.3-py3-none-any.whl.metadata (5.0 kB)
Collecting importlib-resources>=5.12 (from nibabel->fitz->-r requirements.txt (line 8))
  Downloading importlib_resources-6.5.2-py3-none-any.whl.metadata (3.9 kB)
Collecting prov>=1.5.2 (from nipype->fitz->-r requirements.txt (line 8))
  Downloading prov-2.0.1-py3-none-any.whl.metadata (3.6 kB)
Collecting pydot>=1.2.3 (from nipype->fitz->-r requirements.txt (line 8))
  Downloading pydot-3.0.4-py3-none-any.whl.metadata (10 kB)
Collecting rdflib>=5.0.0 (from nipype->fitz->-r requirements.txt (line 8))
  Downloading rdflib-7.1.4-py3-none-any.whl.metadata (11 kB)
Collecting simplejson>=3.8.0 (from nipype->fitz->-r requirements.txt (line 8))
  Downloading simplejson-3.20.1-cp310-cp310-manylinux_2_5_x86_64.manylinux1_x86_64.manylinux_2_17_x86_64.manylinux2014_x86_64.whl.metadata (3.2 kB)
Collecting traits>=6.2 (from nipype->fitz->-r requirements.txt (line 8))
  Downloading traits-7.0.2-cp310-cp310-manylinux_2_5_x86_64.manylinux1_x86_64.manylinux_2_17_x86_64.manylinux2014_x86_64.whl.metadata (4.8 kB)
Collecting acres (from nipype->fitz->-r requirements.txt (line 8))
  Downloading acres-0.3.0-py3-none-any.whl.metadata (5.5 kB)
Collecting etelemetry>=0.3.1 (from nipype->fitz->-r requirements.txt (line 8))
  Downloading etelemetry-0.3.1-py3-none-any.whl.metadata (3.2 kB)
Collecting looseversion!=1.2 (from nipype->fitz->-r requirements.txt (line 8))
  Downloading looseversion-1.3.0-py2.py3-none-any.whl.metadata (4.6 kB)
Collecting puremagic (from nipype->fitz->-r requirements.txt (line 8))
  Downloading puremagic-1.28-py3-none-any.whl.metadata (5.8 kB)
Collecting pathlib>=1.0 (from pyxnat->fitz->-r requirements.txt (line 8))
  Downloading pathlib-1.0.1-py3-none-any.whl.metadata (5.1 kB)
Collecting joblib>=1.2.0 (from scikit-learn->sentence_transformers->-r requirements.txt (line 11))
  Using cached joblib-1.4.2-py3-none-any.whl.metadata (5.4 kB)
Collecting threadpoolctl>=3.1.0 (from scikit-learn->sentence_transformers->-r requirements.txt (line 11))
  Using cached threadpoolctl-3.6.0-py3-none-any.whl.metadata (13 kB)
Collecting ci-info>=0.2 (from etelemetry>=0.3.1->nipype->fitz->-r requirements.txt (line 8))
  Downloading ci_info-0.3.0-py3-none-any.whl.metadata (6.1 kB)
Requirement already satisfied: smmap<6,>=3.0.1 in /root/ForgeAI_RAG/APP_ENV/hackathon_app/lib/python3.10/site-packages (from gitdb<5,>=4.0.1->gitpython!=3.1.19,<4,>=3.0.7->streamlit->-r requirements.txt (line 3)) (5.0.2)
Requirement already satisfied: attrs>=22.2.0 in /root/ForgeAI_RAG/APP_ENV/hackathon_app/lib/python3.10/site-packages (from jsonschema>=3.0->altair<6,>=4.0->streamlit->-r requirements.txt (line 3)) (25.3.0)
Requirement already satisfied: jsonschema-specifications>=2023.03.6 in /root/ForgeAI_RAG/APP_ENV/hackathon_app/lib/python3.10/site-packages (from jsonschema>=3.0->altair<6,>=4.0->streamlit->-r requirements.txt (line 3)) (2024.10.1)
Requirement already satisfied: referencing>=0.28.4 in /root/ForgeAI_RAG/APP_ENV/hackathon_app/lib/python3.10/site-packages (from jsonschema>=3.0->altair<6,>=4.0->streamlit->-r requirements.txt (line 3)) (0.36.2)
Requirement already satisfied: rpds-py>=0.7.1 in /root/ForgeAI_RAG/APP_ENV/hackathon_app/lib/python3.10/site-packages (from jsonschema>=3.0->altair<6,>=4.0->streamlit->-r requirements.txt (line 3)) (0.24.0)
Requirement already satisfied: mdurl~=0.1 in /root/ForgeAI_RAG/APP_ENV/hackathon_app/lib/python3.10/site-packages (from markdown-it-py>=2.2.0->rich<14,>=10.14.0->streamlit->-r requirements.txt (line 3)) (0.1.2)
Collecting rdflib>=5.0.0 (from nipype->fitz->-r requirements.txt (line 8))
  Downloading rdflib-6.3.2-py3-none-any.whl.metadata (11 kB)
Collecting isodate<0.7.0,>=0.6.0 (from rdflib>=5.0.0->nipype->fitz->-r requirements.txt (line 8))
  Downloading isodate-0.6.1-py2.py3-none-any.whl.metadata (9.6 kB)
Requirement already satisfied: shellingham>=1.3.0 in /root/ForgeAI_RAG/APP_ENV/hackathon_app/lib/python3.10/site-packages (from typer>=0.12.3->fastapi-cli>=0.0.2->fastapi->-r requirements.txt (line 1)) (1.5.4)
Downloading fitz-0.0.1.dev2-py2.py3-none-any.whl (20 kB)
Downloading faiss_cpu-1.10.0-cp310-cp310-manylinux_2_28_x86_64.whl (30.7 MB)
   ━━━━━━━━━━━━━━━━━━━━━━━━━━━━━━━━━━━━━━━━ 30.7/30.7 MB 88.2 MB/s eta 0:00:00
Downloading sentence_transformers-4.0.2-py3-none-any.whl (340 kB)
Downloading plotly-6.0.1-py3-none-any.whl (14.8 MB)
   ━━━━━━━━━━━━━━━━━━━━━━━━━━━━━━━━━━━━━━━━ 14.8/14.8 MB 119.7 MB/s eta 0:00:00
Downloading huggingface_hub-0.30.1-py3-none-any.whl (481 kB)
Downloading torch-2.6.0-cp310-cp310-manylinux1_x86_64.whl (766.7 MB)
   ━━━━━━━━━━━━━━━━━━━━━━━━━━━━━━━━━━━━━━━━ 766.7/766.7 MB 14.5 MB/s eta 0:00:00
Downloading nvidia_cublas_cu12-12.4.5.8-py3-none-manylinux2014_x86_64.whl (363.4 MB)
   ━━━━━━━━━━━━━━━━━━━━━━━━━━━━━━━━━━━━━━━━ 363.4/363.4 MB 54.0 MB/s eta 0:00:00
Downloading nvidia_cuda_cupti_cu12-12.4.127-py3-none-manylinux2014_x86_64.whl (13.8 MB)
   ━━━━━━━━━━━━━━━━━━━━━━━━━━━━━━━━━━━━━━━━ 13.8/13.8 MB 132.7 MB/s eta 0:00:00
Downloading nvidia_cuda_nvrtc_cu12-12.4.127-py3-none-manylinux2014_x86_64.whl (24.6 MB)
   ━━━━━━━━━━━━━━━━━━━━━━━━━━━━━━━━━━━━━━━━ 24.6/24.6 MB 106.4 MB/s eta 0:00:00
Downloading nvidia_cuda_runtime_cu12-12.4.127-py3-none-manylinux2014_x86_64.whl (883 kB)
   ━━━━━━━━━━━━━━━━━━━━━━━━━━━━━━━━━━━━━━━━ 883.7/883.7 kB 22.9 MB/s eta 0:00:00
Using cached nvidia_cudnn_cu12-9.1.0.70-py3-none-manylinux2014_x86_64.whl (664.8 MB)
Downloading nvidia_cufft_cu12-11.2.1.3-py3-none-manylinux2014_x86_64.whl (211.5 MB)
   ━━━━━━━━━━━━━━━━━━━━━━━━━━━━━━━━━━━━━━━━ 211.5/211.5 MB 38.9 MB/s eta 0:00:00
Downloading nvidia_curand_cu12-10.3.5.147-py3-none-manylinux2014_x86_64.whl (56.3 MB)
   ━━━━━━━━━━━━━━━━━━━━━━━━━━━━━━━━━━━━━━━━ 56.3/56.3 MB 84.5 MB/s eta 0:00:00
Downloading nvidia_cusolver_cu12-11.6.1.9-py3-none-manylinux2014_x86_64.whl (127.9 MB)
   ━━━━━━━━━━━━━━━━━━━━━━━━━━━━━━━━━━━━━━━━ 127.9/127.9 MB 34.0 MB/s eta 0:00:00
Downloading nvidia_cusparse_cu12-12.3.1.170-py3-none-manylinux2014_x86_64.whl (207.5 MB)
   ━━━━━━━━━━━━━━━━━━━━━━━━━━━━━━━━━━━━━━━━ 207.5/207.5 MB 40.6 MB/s eta 0:00:00
Downloading nvidia_cusparselt_cu12-0.6.2-py3-none-manylinux2014_x86_64.whl (150.1 MB)
   ━━━━━━━━━━━━━━━━━━━━━━━━━━━━━━━━━━━━━━━━ 150.1/150.1 MB 72.3 MB/s eta 0:00:00
Downloading nvidia_nccl_cu12-2.21.5-py3-none-manylinux2014_x86_64.whl (188.7 MB)
   ━━━━━━━━━━━━━━━━━━━━━━━━━━━━━━━━━━━━━━━━ 188.7/188.7 MB 56.1 MB/s eta 0:00:00
Downloading nvidia_nvjitlink_cu12-12.4.127-py3-none-manylinux2014_x86_64.whl (21.1 MB)
   ━━━━━━━━━━━━━━━━━━━━━━━━━━━━━━━━━━━━━━━━ 21.1/21.1 MB 136.2 MB/s eta 0:00:00
Downloading nvidia_nvtx_cu12-12.4.127-py3-none-manylinux2014_x86_64.whl (99 kB)
Downloading sympy-1.13.1-py3-none-any.whl (6.2 MB)
   ━━━━━━━━━━━━━━━━━━━━━━━━━━━━━━━━━━━━━━━━ 6.2/6.2 MB 75.2 MB/s eta 0:00:00
Downloading triton-3.2.0-cp310-cp310-manylinux_2_17_x86_64.manylinux2014_x86_64.whl (253.1 MB)
   ━━━━━━━━━━━━━━━━━━━━━━━━━━━━━━━━━━━━━━━━ 253.1/253.1 MB 34.7 MB/s eta 0:00:00
Downloading tqdm-4.67.1-py3-none-any.whl (78 kB)
Downloading transformers-4.50.3-py3-none-any.whl (10.2 MB)
   ━━━━━━━━━━━━━━━━━━━━━━━━━━━━━━━━━━━━━━━━ 10.2/10.2 MB 103.1 MB/s eta 0:00:00
Downloading configobj-5.0.9-py2.py3-none-any.whl (35 kB)
Downloading configparser-7.2.0-py3-none-any.whl (17 kB)
Using cached httplib2-0.22.0-py3-none-any.whl (96 kB)
Using cached lxml-5.3.1-cp310-cp310-manylinux_2_28_x86_64.whl (5.2 MB)
Downloading nibabel-5.3.2-py3-none-any.whl (3.3 MB)
   ━━━━━━━━━━━━━━━━━━━━━━━━━━━━━━━━━━━━━━━━ 3.3/3.3 MB 66.7 MB/s eta 0:00:00
Downloading nipype-1.10.0-py3-none-any.whl (3.2 MB)
   ━━━━━━━━━━━━━━━━━━━━━━━━━━━━━━━━━━━━━━━━ 3.2/3.2 MB 70.9 MB/s eta 0:00:00
Using cached scipy-1.15.2-cp310-cp310-manylinux_2_17_x86_64.manylinux2014_x86_64.whl (37.6 MB)
Downloading pyxnat-1.6.3-py3-none-any.whl (95 kB)
Using cached scikit_learn-1.6.1-cp310-cp310-manylinux_2_17_x86_64.manylinux2014_x86_64.whl (13.5 MB)
Downloading etelemetry-0.3.1-py3-none-any.whl (6.4 kB)
Downloading filelock-3.18.0-py3-none-any.whl (16 kB)
Downloading fsspec-2025.3.2-py3-none-any.whl (194 kB)
Downloading importlib_resources-6.5.2-py3-none-any.whl (37 kB)
Using cached joblib-1.4.2-py3-none-any.whl (301 kB)
Downloading looseversion-1.3.0-py2.py3-none-any.whl (8.2 kB)
Using cached networkx-3.4.2-py3-none-any.whl (1.7 MB)
Downloading pathlib-1.0.1-py3-none-any.whl (14 kB)
Downloading prov-2.0.1-py3-none-any.whl (421 kB)
Downloading pydot-3.0.4-py3-none-any.whl (35 kB)
Using cached pyparsing-3.2.3-py3-none-any.whl (111 kB)
Downloading rdflib-6.3.2-py3-none-any.whl (528 kB)
   ━━━━━━━━━━━━━━━━━━━━━━━━━━━━━━━━━━━━━━━━ 528.1/528.1 kB 14.9 MB/s eta 0:00:00
Using cached regex-2024.11.6-cp310-cp310-manylinux_2_17_x86_64.manylinux2014_x86_64.whl (781 kB)
Using cached safetensors-0.5.3-cp38-abi3-manylinux_2_17_x86_64.manylinux2014_x86_64.whl (471 kB)
Downloading simplejson-3.20.1-cp310-cp310-manylinux_2_5_x86_64.manylinux1_x86_64.manylinux_2_17_x86_64.manylinux2014_x86_64.whl (138 kB)
Using cached threadpoolctl-3.6.0-py3-none-any.whl (18 kB)
Downloading tokenizers-0.21.1-cp39-abi3-manylinux_2_17_x86_64.manylinux2014_x86_64.whl (3.0 MB)
   ━━━━━━━━━━━━━━━━━━━━━━━━━━━━━━━━━━━━━━━━ 3.0/3.0 MB 93.7 MB/s eta 0:00:00
Downloading traits-7.0.2-cp310-cp310-manylinux_2_5_x86_64.manylinux1_x86_64.manylinux_2_17_x86_64.manylinux2014_x86_64.whl (5.1 MB)
   ━━━━━━━━━━━━━━━━━━━━━━━━━━━━━━━━━━━━━━━━ 5.1/5.1 MB 104.6 MB/s eta 0:00:00
Downloading acres-0.3.0-py3-none-any.whl (10 kB)
Downloading puremagic-1.28-py3-none-any.whl (43 kB)
Downloading ci_info-0.3.0-py3-none-any.whl (7.8 kB)
Downloading isodate-0.6.1-py2.py3-none-any.whl (41 kB)
Using cached mpmath-1.3.0-py3-none-any.whl (536 kB)
Building wheels for collected packages: tools, pytils
  Building wheel for tools (pyproject.toml): started
  Building wheel for tools (pyproject.toml): finished with status 'done'
  Created wheel for tools: filename=tools-0.1.9-py3-none-any.whl size=46765 sha256=c3e12e452bfa611c9ce44a9ff2fa386b5f89eae643cf7d264e2eccda1f5a2d7e
  Stored in directory: /root/.cache/pip/wheels/c0/d0/70/a33bd4bed2af4f7038b038c16faab552cd0e9d9f4125223a71
  Building wheel for pytils (pyproject.toml): started
  Building wheel for pytils (pyproject.toml): finished with status 'done'
  Created wheel for pytils: filename=pytils-0.4.3-py3-none-any.whl size=32806 sha256=c7058095fc63065970b614b7ff80401d1d49588d5d82b579a6d9403c19340ab4
  Stored in directory: /root/.cache/pip/wheels/2b/12/a0/700ce8372b0e0f0f774ac2369075dc1b17d0ede19a8cf382eb
Successfully built tools pytils
Installing collected packages: triton, puremagic, pathlib, nvidia-cusparselt-cu12, mpmath, looseversion, traits, tqdm, threadpoolctl, sympy, simplejson, scipy, safetensors, regex, pytils, pyparsing, plotly, nvidia-nvtx-cu12, nvidia-nvjitlink-cu12, nvidia-nccl-cu12, nvidia-curand-cu12, nvidia-cufft-cu12, nvidia-cuda-runtime-cu12, nvidia-cuda-nvrtc-cu12, nvidia-cuda-cupti-cu12, nvidia-cublas-cu12, networkx, lxml, joblib, isodate, importlib-resources, fsspec, filelock, faiss-cpu, configparser, configobj, ci-info, tools, scikit-learn, rdflib, pyxnat, pydot, nvidia-cusparse-cu12, nvidia-cudnn-cu12, nibabel, huggingface-hub, httplib2, etelemetry, acres, tokenizers, prov, nvidia-cusolver-cu12, transformers, torch, nipype, sentence_transformers, fitz
Successfully installed acres-0.3.0 ci-info-0.3.0 configobj-5.0.9 configparser-7.2.0 etelemetry-0.3.1 faiss-cpu-1.10.0 filelock-3.18.0 fitz-0.0.1.dev2 fsspec-2025.3.2 httplib2-0.22.0 huggingface-hub-0.30.1 importlib-resources-6.5.2 isodate-0.6.1 joblib-1.4.2 looseversion-1.3.0 lxml-5.3.1 mpmath-1.3.0 networkx-3.4.2 nibabel-5.3.2 nipype-1.10.0 nvidia-cublas-cu12-12.4.5.8 nvidia-cuda-cupti-cu12-12.4.127 nvidia-cuda-nvrtc-cu12-12.4.127 nvidia-cuda-runtime-cu12-12.4.127 nvidia-cudnn-cu12-9.1.0.70 nvidia-cufft-cu12-11.2.1.3 nvidia-curand-cu12-10.3.5.147 nvidia-cusolver-cu12-11.6.1.9 nvidia-cusparse-cu12-12.3.1.170 nvidia-cusparselt-cu12-0.6.2 nvidia-nccl-cu12-2.21.5 nvidia-nvjitlink-cu12-12.4.127 nvidia-nvtx-cu12-12.4.127 pathlib-1.0.1 plotly-6.0.1 prov-2.0.1 puremagic-1.28 pydot-3.0.4 pyparsing-3.2.3 pytils-0.4.3 pyxnat-1.6.3 rdflib-6.3.2 regex-2024.11.6 safetensors-0.5.3 scikit-learn-1.6.1 scipy-1.15.2 sentence_transformers-4.0.2 simplejson-3.20.1 sympy-1.13.1 threadpoolctl-3.6.0 tokenizers-0.21.1 tools-0.1.9 torch-2.6.0 tqdm-4.67.1 traits-7.0.2 transformers-4.50.3 triton-3.2.0
