From https://github.com/hackathon-crf/reminai_hackathon_app_7da02e63-77e2-4064-a90b-ecd0231bfc36_repo_1743768814
 * branch            main       -> FETCH_HEAD
hint: You have divergent branches and need to specify how to reconcile them.
hint: You can do so by running one of the following commands sometime before
hint: your next pull:
hint: 
hint:   git config pull.rebase false  # merge (the default strategy)
hint:   git config pull.rebase true   # rebase
hint:   git config pull.ff only       # fast-forward only
hint: 
hint: You can replace "git config" with "git config --global" to set a default
hint: preference for all repositories. You can also pass --rebase, --no-rebase,
hint: or --ff-only on the command line to override the configured default per
hint: invocation.
fatal: Need to specify how to reconcile divergent branches.
ForgeAI Services Restart Script
================================
Restarting services for application: hackathon_app
Frontend port: 10149
Backend port: 10150
Stopping existing processes...
Killing frontend processes on port 10149: 869
Killing frontend PID: 869
Killing backend processes on port 10150: 868
878
Killing backend PID: 868
Killing backend PID: 878
Starting backend...
Installing requirements...
Using backend file: main_back.py
Setting root_path to: /reminai/hackathon_app
Backend started with PID: 2506
Starting frontend...
Using frontend file: main_front.py
Using path-based URL: reminai/hackathon_app
Frontend started with PID: 2507
Services restarted successfully!
================================
